<?xml version="1.0" encoding="UTF-8"?>
<testsuite name="Tests" tests="2" skipped="0" failures="0" errors="0" timestamp="2024-01-09T06:58:59" hostname="iseungbog-ui-MacBookPro-2.local" time="0.001">
  <properties/>
  <testcase name="sample1()" classname="Tests" time="0.0"/>
  <testcase name="sample2()" classname="Tests" time="0.0"/>
  <system-out><![CDATA[]]></system-out>
  <system-err><![CDATA[]]></system-err>
</testsuite>
