<?xml version="1.0" encoding="UTF-8"?>
<testsuite name="HiddenTests" tests="9" skipped="0" failures="0" errors="0" timestamp="2024-01-09T06:58:58" hostname="iseungbog-ui-MacBookPro-2.local" time="0.352">
  <properties/>
  <testcase name="testAllZeros()" classname="HiddenTests" time="0.031"/>
  <testcase name="testMax()" classname="HiddenTests" time="0.12"/>
  <testcase name="testAllOnes()" classname="HiddenTests" time="0.004"/>
  <testcase name="testEmpty()" classname="HiddenTests" time="0.001"/>
  <testcase name="randomMax()" classname="HiddenTests" time="0.076"/>
  <testcase name="randomMedium()" classname="HiddenTests" time="0.019"/>
  <testcase name="randomLarge()" classname="HiddenTests" time="0.043"/>
  <testcase name="randomSmall()" classname="HiddenTests" time="0.035"/>
  <testcase name="testManySmall()" classname="HiddenTests" time="0.018"/>
  <system-out><![CDATA[]]></system-out>
  <system-err><![CDATA[]]></system-err>
</testsuite>
