<?xml version="1.0" encoding="UTF-8"?>
<testsuite name="Tests" tests="1" skipped="0" failures="0" errors="0" timestamp="2024-01-09T07:13:07" hostname="iseungbog-ui-MacBookPro-2.local" time="0.003">
  <properties/>
  <testcase name="testSample()" classname="Tests" time="0.003"/>
  <system-out><![CDATA[]]></system-out>
  <system-err><![CDATA[]]></system-err>
</testsuite>
