<?xml version="1.0" encoding="UTF-8"?>
<testsuite name="HiddenTests" tests="8" skipped="0" failures="0" errors="0" timestamp="2024-01-09T07:13:06" hostname="iseungbog-ui-MacBookPro-2.local" time="0.691">
  <properties/>
  <testcase name="randomMediumInstances()" classname="HiddenTests" time="0.123"/>
  <testcase name="testMax()" classname="HiddenTests" time="0.139"/>
  <testcase name="testEmpty()" classname="HiddenTests" time="0.001"/>
  <testcase name="randomMax()" classname="HiddenTests" time="0.132"/>
  <testcase name="randomMedium()" classname="HiddenTests" time="0.096"/>
  <testcase name="randomLarge()" classname="HiddenTests" time="0.101"/>
  <testcase name="randomSmall()" classname="HiddenTests" time="0.095"/>
  <testcase name="manySmall()" classname="HiddenTests" time="0.001"/>
  <system-out><![CDATA[]]></system-out>
  <system-err><![CDATA[]]></system-err>
</testsuite>
