<?xml version="1.0" encoding="UTF-8"?>
<testsuite name="HiddenTests" tests="7" skipped="0" failures="0" errors="0" timestamp="2024-01-09T08:03:09" hostname="iseungbog-ui-MacBookPro-2.local" time="0.313">
  <properties/>
  <testcase name="testMax()" classname="HiddenTests" time="0.139"/>
  <testcase name="testEmpty()" classname="HiddenTests" time="0.001"/>
  <testcase name="randomMax()" classname="HiddenTests" time="0.078"/>
  <testcase name="randomMedium()" classname="HiddenTests" time="0.017"/>
  <testcase name="randomLarge()" classname="HiddenTests" time="0.042"/>
  <testcase name="randomSmall()" classname="HiddenTests" time="0.025"/>
  <testcase name="randomUpTo10()" classname="HiddenTests" time="0.008"/>
  <system-out><![CDATA[]]></system-out>
  <system-err><![CDATA[]]></system-err>
</testsuite>
