<?xml version="1.0" encoding="UTF-8"?>
<testsuite name="Tests" tests="2" skipped="0" failures="0" errors="0" timestamp="2024-01-09T08:03:09" hostname="iseungbog-ui-MacBookPro-2.local" time="0.004">
  <properties/>
  <testcase name="testSample1()" classname="Tests" time="0.003"/>
  <testcase name="testSample2()" classname="Tests" time="0.0"/>
  <system-out><![CDATA[]]></system-out>
  <system-err><![CDATA[]]></system-err>
</testsuite>
